<?xml version="1.0" encoding="UTF-8"?>
<!-- Generated by org.testng.reporters.JUnitXMLReporter -->
<testsuite hostname="WKWIN6024718" name="Regression Test for Class 3" tests="1" failures="1" timestamp="21 May 2020 05:30:15 GMT" time="53.357" errors="0">
  <testcase name="VerifyTitleHeader" time="46.824" classname="publicisSapient.testScripts.VerifyTitleTest">
    <failure type="java.lang.AssertionError" message="expected [true] but found [false]">
      <![CDATA[java.lang.AssertionError: expected [true] but found [false]
	at publicisSapient.pageObjects.LoginPage.login(LoginPage.java:56)
	at publicisSapient.testScripts.VerifyTitleTest.VerifyTitleHeader(VerifyTitleTest.java:34)
... Removed 28 stack frames]]>
    </failure>
  </testcase> <!-- VerifyTitleHeader -->
</testsuite> <!-- Regression Test for Class 3 -->
