<?xml version="1.0" encoding="UTF-8"?>
<!-- Generated by org.testng.reporters.JUnitXMLReporter -->
<testsuite hostname="WKWIN6024718" name="Regression Test for Class 1" tests="2" failures="0" timestamp="5 May 2020 06:05:06 GMT" time="165.107" errors="0">
  <testcase name="verifyLogin" time="79.97" classname="publicisSapient.testScripts.HomePageTest"/>
  <testcase name="verifyLogin" time="67.346" classname="publicisSapient.testScripts.HomePageTest"/>
</testsuite> <!-- Regression Test for Class 1 -->
