<?xml version="1.0" encoding="UTF-8"?>
<!-- Generated by org.testng.reporters.JUnitXMLReporter -->
<testsuite hostname="WKWIN6024718" name="Regression Test" tests="4" failures="0" timestamp="27 Apr 2020 05:29:06 GMT" time="256.982" errors="0">
  <testcase name="VerifyTitleHeader" time="31.088" classname="publicisSapient.VerifyTitleTest"/>
  <testcase name="verifyNavBarIsPresent" time="20.114" classname="publicisSapient.VerifyNavBarPresentTest"/>
  <testcase name="verifyLogin" time="31.119" classname="publicisSapient.HomePageTest"/>
  <testcase name="verifyLogin" time="31.484" classname="publicisSapient.HomePageTest"/>
</testsuite> <!-- Regression Test -->
