<?xml version="1.0" encoding="UTF-8"?>
<!-- Generated by org.testng.reporters.JUnitXMLReporter -->
<testsuite hostname="WKWIN6024718" name="Smoke Test Class 2" tests="1" failures="1" timestamp="21 May 2020 05:48:32 GMT" time="28.369" errors="0">
  <testcase name="VerifyTitleHeader" time="21.714" classname="publicisSapient.testScripts.VerifyTitleTest">
    <failure type="java.lang.AssertionError" message="expected [true] but found [false]">
      <![CDATA[java.lang.AssertionError: expected [true] but found [false]
	at publicisSapient.pageObjects.LoginPage.login(LoginPage.java:56)
	at publicisSapient.testScripts.VerifyTitleTest.VerifyTitleHeader(VerifyTitleTest.java:34)
... Removed 28 stack frames]]>
    </failure>
  </testcase> <!-- VerifyTitleHeader -->
</testsuite> <!-- Smoke Test Class 2 -->
