<?xml version="1.0" encoding="UTF-8"?>
<!-- Generated by org.testng.reporters.JUnitXMLReporter -->
<testsuite hostname="WKWIN6024718" name="Test" tests="4" failures="1" timestamp="24 Apr 2020 07:39:14 GMT" time="170.119" errors="0">
  <testcase name="VerifyTitleHeader" time="0.101" classname="publicisSapient.VerifyTitleTest">
    <failure type="java.lang.AssertionError" message="expected [QA Click Academy | Selenium,Jmeter,SoapUI,Appium,Database testing,QA Training Academyasfsfa] but found [QA Click Academy | Selenium,Jmeter,SoapUI,Appium,Database testing,QA Training Academy]">
      <![CDATA[java.lang.AssertionError: expected [QA Click Academy | Selenium,Jmeter,SoapUI,Appium,Database testing,QA Training Academyasfsfa] but found [QA Click Academy | Selenium,Jmeter,SoapUI,Appium,Database testing,QA Training Academy]
	at publicisSapient.VerifyTitleTest.VerifyTitleHeader(VerifyTitleTest.java:39)
... Removed 29 stack frames]]>
    </failure>
  </testcase> <!-- VerifyTitleHeader -->
  <testcase name="verifyNavBarIsPresent" time="9.13" classname="publicisSapient.VerifyNavBarPresentTest"/>
  <testcase name="verifyLogin" time="34.843" classname="publicisSapient.HomePageTest"/>
  <testcase name="verifyLogin" time="34.968" classname="publicisSapient.HomePageTest"/>
</testsuite> <!-- Test -->
