<?xml version="1.0" encoding="UTF-8"?>
<!-- Generated by org.testng.reporters.JUnitXMLReporter -->
<testsuite hostname="WKWIN6024718" name="Test" tests="2" failures="1" timestamp="24 Apr 2020 05:15:01 GMT" time="51.011" errors="0">
  <testcase name="VerifyTitleHeader" time="0.072" classname="publicisSapient.VerifyTitleTest">
    <failure type="java.lang.AssertionError" message="expected [QA Click Academy | Selenium,Jmeter,SoapUI,Appium,Database testing,QA Training Academyasfsfa] but found [QA Click Academy | Selenium,Jmeter,SoapUI,Appium,Database testing,QA Training Academy]">
      <![CDATA[java.lang.AssertionError: expected [QA Click Academy | Selenium,Jmeter,SoapUI,Appium,Database testing,QA Training Academyasfsfa] but found [QA Click Academy | Selenium,Jmeter,SoapUI,Appium,Database testing,QA Training Academy]
	at publicisSapient.VerifyTitleTest.VerifyTitleHeader(VerifyTitleTest.java:39)
... Removed 29 stack frames]]>
    </failure>
  </testcase> <!-- VerifyTitleHeader -->
  <testcase name="verifyNavBarIsPresent" time="8.974" classname="publicisSapient.VerifyNavBarPresentTest"/>
</testsuite> <!-- Test -->
