<?xml version="1.0" encoding="UTF-8"?>
<!-- Generated by org.testng.reporters.JUnitXMLReporter -->
<testsuite hostname="WKWIN6024718" name="Command line test" tests="4" failures="0" timestamp="22 Apr 2020 16:09:11 GMT" time="99.921" errors="0">
  <testcase name="basePageNavigation" time="35.755" classname="publicisSapient.HomePageTest"/>
  <testcase name="basePageNavigation" time="35.007" classname="publicisSapient.HomePageTest"/>
  <testcase name="basePageNavigation" time="0.535" classname="publicisSapient.VerifyNavBarPresentTest"/>
  <testcase name="basePageNavigation" time="0.45" classname="publicisSapient.VerifyTitleTest"/>
</testsuite> <!-- Command line test -->
