<?xml version="1.0" encoding="UTF-8"?>
<!-- Generated by org.testng.reporters.JUnitXMLReporter -->
<testsuite hostname="WKWIN6024718" name="Regression Test for Class 1" tests="2" failures="0" timestamp="8 May 2020 05:20:55 GMT" time="69.092" errors="0">
  <testcase name="verifyLogin" time="22.931" classname="publicisSapient.testScripts.HomePageTest"/>
  <testcase name="verifyLogin" time="39.01" classname="publicisSapient.testScripts.HomePageTest"/>
</testsuite> <!-- Regression Test for Class 1 -->
