<?xml version="1.0" encoding="UTF-8"?>
<!-- Generated by org.testng.reporters.JUnitXMLReporter -->
<testsuite hostname="WKWIN6024718" name="Regression Test" tests="4" failures="0" timestamp="27 Apr 2020 05:36:10 GMT" time="257.576" errors="0">
  <testcase name="VerifyTitleHeader" time="30.779" classname="publicisSapient.VerifyTitleTest"/>
  <testcase name="verifyNavBarIsPresent" time="20.19" classname="publicisSapient.VerifyNavBarPresentTest"/>
  <testcase name="verifyLogin" time="31.864" classname="publicisSapient.HomePageTest"/>
  <testcase name="verifyLogin" time="35.52" classname="publicisSapient.HomePageTest"/>
</testsuite> <!-- Regression Test -->
