<?xml version="1.0" encoding="UTF-8"?>
<!-- Generated by org.testng.reporters.JUnitXMLReporter -->
<testsuite hostname="WKWIN6024718" name="Regression Test for Class 1" tests="2" failures="0" timestamp="21 May 2020 13:18:38 GMT" time="68.579" errors="0">
  <testcase name="verifyLogin" time="22.685" classname="publicisSapient.testScripts.HomePageTest"/>
  <testcase name="verifyLogin" time="40.003" classname="publicisSapient.testScripts.HomePageTest"/>
</testsuite> <!-- Regression Test for Class 1 -->
