<?xml version="1.0" encoding="UTF-8"?>
<testng-results skipped="0" failed="0" total="4" passed="4">
  <reporter-output>
  </reporter-output>
  <suite name="Suite" duration-ms="257576" started-at="2020-04-27T05:31:52Z" finished-at="2020-04-27T05:36:10Z">
    <groups>
    </groups>
    <test name="Regression Test" duration-ms="257576" started-at="2020-04-27T05:31:52Z" finished-at="2020-04-27T05:36:10Z">
      <class name="publicisSapient.VerifyNavBarPresentTest">
        <test-method status="PASS" signature="getUrl()[pri:0, instance:publicisSapient.VerifyNavBarPresentTest@33bc72d1]" name="getUrl" is-config="true" duration-ms="30187" started-at="2020-04-27T11:02:59Z" finished-at="2020-04-27T11:03:29Z">
          <reporter-output>
          </reporter-output>
        </test-method> <!-- getUrl -->
        <test-method status="PASS" signature="verifyNavBarIsPresent()[pri:0, instance:publicisSapient.VerifyNavBarPresentTest@33bc72d1]" name="verifyNavBarIsPresent" duration-ms="20190" started-at="2020-04-27T11:03:29Z" finished-at="2020-04-27T11:03:49Z">
          <reporter-output>
          </reporter-output>
        </test-method> <!-- verifyNavBarIsPresent -->
        <test-method status="PASS" signature="closeBrowser()[pri:0, instance:publicisSapient.VerifyNavBarPresentTest@33bc72d1]" name="closeBrowser" is-config="true" duration-ms="2372" started-at="2020-04-27T11:03:49Z" finished-at="2020-04-27T11:03:52Z">
          <reporter-output>
          </reporter-output>
        </test-method> <!-- closeBrowser -->
      </class> <!-- publicisSapient.VerifyNavBarPresentTest -->
      <class name="publicisSapient.VerifyTitleTest">
        <test-method status="PASS" signature="getUrl()[pri:0, instance:publicisSapient.VerifyTitleTest@273444fe]" name="getUrl" is-config="true" duration-ms="31078" started-at="2020-04-27T11:01:52Z" finished-at="2020-04-27T11:02:23Z">
          <reporter-output>
          </reporter-output>
        </test-method> <!-- getUrl -->
        <test-method status="PASS" signature="VerifyTitleHeader()[pri:0, instance:publicisSapient.VerifyTitleTest@273444fe]" name="VerifyTitleHeader" duration-ms="30779" started-at="2020-04-27T11:02:23Z" finished-at="2020-04-27T11:02:54Z">
          <reporter-output>
          </reporter-output>
        </test-method> <!-- VerifyTitleHeader -->
        <test-method status="PASS" signature="closeBrowser()[pri:0, instance:publicisSapient.VerifyTitleTest@273444fe]" name="closeBrowser" is-config="true" duration-ms="4463" started-at="2020-04-27T11:02:54Z" finished-at="2020-04-27T11:02:59Z">
          <reporter-output>
          </reporter-output>
        </test-method> <!-- closeBrowser -->
      </class> <!-- publicisSapient.VerifyTitleTest -->
      <class name="publicisSapient.HomePageTest">
        <test-method status="PASS" signature="getUrl()[pri:0, instance:publicisSapient.HomePageTest@1a75e76a]" name="getUrl" is-config="true" duration-ms="29541" started-at="2020-04-27T11:03:52Z" finished-at="2020-04-27T11:04:21Z">
          <reporter-output>
          </reporter-output>
        </test-method> <!-- getUrl -->
        <test-method status="PASS" signature="verifyLogin(java.lang.String, java.lang.String, java.lang.String)[pri:0, instance:publicisSapient.HomePageTest@1a75e76a]" name="verifyLogin" duration-ms="31864" started-at="2020-04-27T11:04:21Z" data-provider="getData" finished-at="2020-04-27T11:04:53Z">
          <params>
            <param index="0">
              <value>
                <![CDATA[nonrestricted@gmail.com]]>
              </value>
            </param>
            <param index="1">
              <value>
                <![CDATA[12344]]>
              </value>
            </param>
            <param index="2">
              <value>
                <![CDATA[nonrestricted]]>
              </value>
            </param>
          </params>
          <reporter-output>
          </reporter-output>
        </test-method> <!-- verifyLogin -->
        <test-method status="PASS" signature="closeBrowser()[pri:0, instance:publicisSapient.HomePageTest@1a75e76a]" name="closeBrowser" is-config="true" duration-ms="6459" started-at="2020-04-27T11:04:53Z" finished-at="2020-04-27T11:04:59Z">
          <reporter-output>
          </reporter-output>
        </test-method> <!-- closeBrowser -->
        <test-method status="PASS" signature="getUrl()[pri:0, instance:publicisSapient.HomePageTest@1a75e76a]" name="getUrl" is-config="true" duration-ms="30531" started-at="2020-04-27T11:04:59Z" finished-at="2020-04-27T11:05:30Z">
          <reporter-output>
          </reporter-output>
        </test-method> <!-- getUrl -->
        <test-method status="PASS" signature="verifyLogin(java.lang.String, java.lang.String, java.lang.String)[pri:0, instance:publicisSapient.HomePageTest@1a75e76a]" name="verifyLogin" duration-ms="35520" started-at="2020-04-27T11:05:30Z" data-provider="getData" finished-at="2020-04-27T11:06:05Z">
          <params>
            <param index="0">
              <value>
                <![CDATA[restricted@gmail.com]]>
              </value>
            </param>
            <param index="1">
              <value>
                <![CDATA[232312344]]>
              </value>
            </param>
            <param index="2">
              <value>
                <![CDATA[restricted]]>
              </value>
            </param>
          </params>
          <reporter-output>
          </reporter-output>
        </test-method> <!-- verifyLogin -->
        <test-method status="PASS" signature="closeBrowser()[pri:0, instance:publicisSapient.HomePageTest@1a75e76a]" name="closeBrowser" is-config="true" duration-ms="4530" started-at="2020-04-27T11:06:05Z" finished-at="2020-04-27T11:06:10Z">
          <reporter-output>
          </reporter-output>
        </test-method> <!-- closeBrowser -->
      </class> <!-- publicisSapient.HomePageTest -->
    </test> <!-- Regression Test -->
  </suite> <!-- Suite -->
</testng-results>
