<?xml version="1.0" encoding="UTF-8"?>
<testsuite xmlns:xsi="http://www.w3.org/2001/XMLSchema-instance" xsi:noNamespaceSchemaLocation="https://maven.apache.org/surefire/maven-surefire-plugin/xsd/surefire-test-report-3.0.xsd" version="3.0" name="TestSuite" time="110.332" tests="2" errors="0" skipped="0" failures="1">
  <properties>
[...]
</properties>
  <testcase name="VerifyTitleHeader" classname="publicisSapient.testScripts.VerifyTitleTest" time="37.252">
    <failure message="Unable to locate element: [id=&apos;user_email&apos;]&#10;For documentation on this error, please visit: https://www.seleniumhq.org/exceptions/no_such_element.html&#10;Build info: version: &apos;3.141.59&apos;, revision: &apos;e82be7d358&apos;, time: &apos;2018-11-14T08:17:03&apos;&#10;System info: host: &apos;WKWIN6024718&apos;, ip: &apos;192.168.31.244&apos;, os.name: &apos;Windows 10&apos;, os.arch: &apos;amd64&apos;, os.version: &apos;10.0&apos;, java.version: &apos;1.8.0_171&apos;&#10;Driver info: org.openqa.selenium.firefox.FirefoxDriver&#10;Capabilities {acceptInsecureCerts: true, browserName: firefox, browserVersion: 75.0, javascriptEnabled: true, moz:accessibilityChecks: false, moz:buildID: 20200403170909, moz:geckodriverVersion: 0.26.0, moz:headless: false, moz:processID: 7868, moz:profile: C:\Users\anujakho\AppData\L..., moz:shutdownTimeout: 60000, moz:useNonSpecCompliantPointerOrigin: false, moz:webdriverClick: true, pageLoadStrategy: normal, platform: WINDOWS, platformName: WINDOWS, platformVersion: 10.0, rotatable: false, setWindowRect: true, strictFileInteractability: false, timeouts: {implicit: 0, pageLoad: 300000, script: 30000}, unhandledPromptBehavior: dismiss and notify}&#10;Session ID: e92f446c-a031-4ae9-832a-5fc3d885834c&#10;*** Element info: {Using=css selector, value=[id=&apos;user_email&apos;]}" type="org.openqa.selenium.NoSuchElementException"><![CDATA[org.openqa.selenium.NoSuchElementException: 
Unable to locate element: [id='user_email']
For documentation on this error, please visit: https://www.seleniumhq.org/exceptions/no_such_element.html
Build info: version: '3.141.59', revision: 'e82be7d358', time: '2018-11-14T08:17:03'
System info: host: 'WKWIN6024718', ip: '192.168.31.244', os.name: 'Windows 10', os.arch: 'amd64', os.version: '10.0', java.version: '1.8.0_171'
Driver info: org.openqa.selenium.firefox.FirefoxDriver
Capabilities {acceptInsecureCerts: true, browserName: firefox, browserVersion: 75.0, javascriptEnabled: true, moz:accessibilityChecks: false, moz:buildID: 20200403170909, moz:geckodriverVersion: 0.26.0, moz:headless: false, moz:processID: 7868, moz:profile: C:\Users\anujakho\AppData\L..., moz:shutdownTimeout: 60000, moz:useNonSpecCompliantPointerOrigin: false, moz:webdriverClick: true, pageLoadStrategy: normal, platform: WINDOWS, platformName: WINDOWS, platformVersion: 10.0, rotatable: false, setWindowRect: true, strictFileInteractability: false, timeouts: {implicit: 0, pageLoad: 300000, script: 30000}, unhandledPromptBehavior: dismiss and notify}
Session ID: e92f446c-a031-4ae9-832a-5fc3d885834c
*** Element info: {Using=css selector, value=[id='user_email']}
	at publicisSapient.testScripts.VerifyTitleTest.VerifyTitleHeader(VerifyTitleTest.java:38)
]]></failure>
    <system-out><![CDATA[12:55:22.925 [main] INFO  publicisSapient.helper.VerificationHelper -  element is Displayed..
12:55:38.335 [main] INFO  publicisSapient.helper.TestBase - Proxy element for: DefaultElementLocator 'By.xpath: //div[contains(@class,'close-button')]' is displayed and clicked with Click Method
12:55:38.336 [main] INFO  publicisSapient.pageObjects.LandingPage - Pop up displayed and closed
12:55:38.441 [main] INFO  publicisSapient.helper.VerificationHelper - Login element is Displayed..Login
12:55:43.684 [main] INFO  publicisSapient.helper.TestBase - [[FirefoxDriver: firefox on WINDOWS (e92f446c-a031-4ae9-832a-5fc3d885834c)] -> css selector: a[href*='sign_in']] is displayed and clicked with Click Method
12:55:43.684 [main] INFO  publicisSapient.pageObjects.LandingPage - Login option is clicked
]]></system-out>
    <system-err><![CDATA[1588663501296	mozrunner::runner	INFO	Running command: "C:\\Program Files\\Mozilla Firefox\\firefox.exe" "-marionette" "-foreground" "-no-remote" "-profile" "C:\\Users\\anujakho\\AppData\\Local\\Temp\\rust_mozprofiletJDlGd"
1588663502103	addons.webextension.doh-rollout@mozilla.org	WARN	Loading extension 'doh-rollout@mozilla.org': Reading manifest: Invalid extension permission: networkStatus
1588663503801	addons.webextension.screenshots@mozilla.org	WARN	Loading extension 'screenshots@mozilla.org': Reading manifest: Invalid extension permission: mozillaAddons
1588663503801	addons.webextension.screenshots@mozilla.org	WARN	Loading extension 'screenshots@mozilla.org': Reading manifest: Invalid extension permission: telemetry
1588663503801	addons.webextension.screenshots@mozilla.org	WARN	Loading extension 'screenshots@mozilla.org': Reading manifest: Invalid extension permission: resource://pdf.js/
1588663503801	addons.webextension.screenshots@mozilla.org	WARN	Loading extension 'screenshots@mozilla.org': Reading manifest: Invalid extension permission: about:reader*
JavaScript error: resource://gre/modules/XULStore.jsm, line 66: Error: Can't find profile directory.
1588663506493	Marionette	INFO	Listening on port 62878
1588663506750	Marionette	WARN	TLS certificate errors will be ignored for this session
May 05, 2020 12:55:06 PM org.openqa.selenium.remote.ProtocolHandshake createSession
INFO: Detected dialect: W3C
JavaScript error: resource://gre/modules/XULStore.jsm, line 66: Error: Can't find profile directory.
]]></system-err>
  </testcase>
  <testcase name="verifyNavBarIsPresent" classname="publicisSapient.testScripts.VerifyNavBarPresentTest" time="25.331"/>
</testsuite>