-------------------------------------------------------------------------------
Test set: TestSuite
-------------------------------------------------------------------------------
Tests run: 4, Failures: 1, Errors: 0, Skipped: 0, Time elapsed: 111.186 s <<< FAILURE! - in TestSuite
publicisSapient.testScripts.VerifyTitleTest.VerifyTitleHeader  Time elapsed: 19.956 s  <<< FAILURE!
java.lang.AssertionError: expected [true] but found [false]
	at publicisSapient.testScripts.VerifyTitleTest.VerifyTitleHeader(VerifyTitleTest.java:34)

